2026-01-04T17:00:09 | touched: LICENSE
2025-07-02T21:43:34 | touched: hardhat.config.js
2025-04-27T11:38:26 | touched: package.json
2026-01-17T00:55:32 | touched: test/Scikitpipeline.test.js
2025-05-09T04:51:34 | touched: README.md
2025-11-21T09:51:42 | touched: hardhat.config.js
2025-04-23T09:40:13 | touched: hardhat.config.js
2026-01-03T12:46:17 | touched: LICENSE
2025-11-13T13:42:17 | touched: contracts/Scikitpipeline.sol
2026-01-04T06:06:01 | touched: .env.example
2025-11-17T03:17:22 | touched: package.json
2026-01-10T02:48:20 | touched: scripts/deploy.js
2025-10-21T00:44:11 | touched: .env.example
2025-08-02T23:50:46 | touched: package.json
2025-09-16T17:27:48 | touched: README.md
2025-03-18T16:13:00 | touched: README.md
2025-07-09T23:05:46 | touched: .env.example
2025-01-03T05:01:46 | touched: package.json
2025-09-04T00:14:03 | touched: LICENSE
2025-09-06T04:37:37 | touched: hardhat.config.js
2025-10-16T21:49:55 | touched: scripts/deploy.js
